#
# There is insufficient memory for the Java Runtime Environment to continue.
# Native memory allocation (malloc) failed to allocate 1048576 bytes for AllocateHeap
# Possible reasons:
#   The system is out of physical RAM or swap space
#   In 32 bit mode, the process size limit was hit
# Possible solutions:
#   Reduce memory load on the system
#   Increase physical memory or swap space
#   Check if swap backing store is full
#   Use 64 bit Java on a 64 bit OS
#   Decrease Java heap size (-Xmx/-Xms)
#   Decrease number of Java threads
#   Decrease Java thread stack sizes (-Xss)
#   Set larger code cache with -XX:ReservedCodeCacheSize=
# This output file may be truncated or incomplete.
#
#  Out of Memory Error (memory/allocation.inline.hpp:61), pid=21332, tid=21352
#
# JRE version:  (8.0_77-b03) (build )
# Java VM: Java HotSpot(TM) 64-Bit Server VM (25.77-b03 mixed mode windows-amd64 compressed oops)
# Failed to write core dump. Minidumps are not enabled by default on client versions of Windows
#

---------------  T H R E A D  ---------------

Current thread (0x0000000002673000):  JavaThread "Unknown thread" [_thread_in_vm, id=21352, stack(0x00000000024a0000,0x00000000025a0000)]

Stack: [0x00000000024a0000,0x00000000025a0000]
[error occurred during error reporting (printing stack bounds), id 0xc0000005]

Native frames: (J=compiled Java code, j=interpreted, Vv=VM code, C=native code)


---------------  P R O C E S S  ---------------

Java Threads: ( => current thread )

Other Threads:

=>0x0000000002673000 (exited) JavaThread "Unknown thread" [_thread_in_vm, id=21352, stack(0x00000000024a0000,0x00000000025a0000)]

VM state:not at safepoint (normal execution)

VM Mutex/Monitor currently owned by a thread: None

Heap:
 PSYoungGen      total 2048K, used 30K [0x00000000d5980000, 0x00000000d5c00000, 0x0000000100000000)
  eden space 1536K, 2% used [0x00000000d5980000,0x00000000d5987af0,0x00000000d5b00000)
  from space 512K, 0% used [0x00000000d5b80000,0x00000000d5b80000,0x00000000d5c00000)
  to   space 512K, 0% used [0x00000000d5b00000,0x00000000d5b00000,0x00000000d5b80000)
 ParOldGen       total 5632K, used 0K [0x0000000080c00000, 0x0000000081180000, 0x00000000d5980000)
  object space 5632K, 0% used [0x0000000080c00000,0x0000000080c00000,0x0000000081180000)
 Metaspace       used 769K, capacity 4480K, committed 4480K, reserved 1056768K
  class space    used 75K, capacity 384K, committed 384K, reserved 1048576K

Card table byte_map: [0x0000000011b30000,0x0000000011f30000] byte_map_base: 0x000000001172a000

Marking Bits: (ParMarkBitMap*) 0x000000005da60600
 Begin Bits: [0x00000000125e0000, 0x00000000145b0000)
 End Bits:   [0x00000000145b0000, 0x0000000016580000)

Polling page: 0x0000000000790000

CodeCache: size=245760Kb used=328Kb max_used=328Kb free=245431Kb
 bounds [0x0000000002770000, 0x00000000029e0000, 0x0000000011770000]
 total_blobs=58 nmethods=0 adapters=38
 compilation: enabled

Compilation events (0 events):
No events

GC Heap History (0 events):
No events

Deoptimization events (0 events):
No events

Internal exceptions (0 events):
No events

Events (10 events):
Event: 0.023 loading class java/lang/Short
Event: 0.023 loading class java/lang/Short done
Event: 0.023 loading class java/lang/Integer
Event: 0.023 loading class java/lang/Integer done
Event: 0.023 loading class java/lang/Long
Event: 0.023 loading class java/lang/Long done
Event: 0.023 loading class java/lang/NullPointerException
Event: 0.023 loading class java/lang/NullPointerException done
Event: 0.023 loading class java/lang/ArithmeticException
Event: 0.023 loading class java/lang/ArithmeticException done


Dynamic libraries:
0x00007ff6fc7f0000 - 0x00007ff6fc7f7000 	C:\Program Files\Java\jdk1.8.0_77\bin\javac.exe
0x00007ffd93fb0000 - 0x00007ffd941a5000 	C:\WINDOWS\SYSTEM32\ntdll.dll
0x00007ffd92020000 - 0x00007ffd920dd000 	C:\WINDOWS\System32\KERNEL32.DLL
0x00007ffd91820000 - 0x00007ffd91ae8000 	C:\WINDOWS\System32\KERNELBASE.dll
0x000000005d0f0000 - 0x000000005d1c2000 	C:\Program Files\Java\jdk1.8.0_77\bin\MSVCR100.dll
0x000000005d0c0000 - 0x000000005d0ef000 	C:\Program Files\Java\jdk1.8.0_77\bin\jli.dll
0x00007ffd936c0000 - 0x00007ffd9376c000 	C:\WINDOWS\System32\ADVAPI32.dll
0x00007ffd93770000 - 0x00007ffd9380e000 	C:\WINDOWS\System32\msvcrt.dll
0x00007ffd93ed0000 - 0x00007ffd93f6b000 	C:\WINDOWS\System32\sechost.dll
0x00007ffd93810000 - 0x00007ffd9393b000 	C:\WINDOWS\System32\RPCRT4.dll
0x00007ffd93d30000 - 0x00007ffd93ed0000 	C:\WINDOWS\System32\USER32.dll
0x00007ffd91e80000 - 0x00007ffd91ea2000 	C:\WINDOWS\System32\win32u.dll
0x00007ffd93620000 - 0x00007ffd9364a000 	C:\WINDOWS\System32\GDI32.dll
0x00007ffd8ad10000 - 0x00007ffd8afaa000 	C:\WINDOWS\WinSxS\amd64_microsoft.windows.common-controls_6595b64144ccf1df_6.0.19041.844_none_ca00b6081b84eb1d\COMCTL32.dll
0x00007ffd91d70000 - 0x00007ffd91e7b000 	C:\WINDOWS\System32\gdi32full.dll
0x00007ffd91c20000 - 0x00007ffd91cbd000 	C:\WINDOWS\System32\msvcp_win.dll
0x00007ffd91af0000 - 0x00007ffd91bf0000 	C:\WINDOWS\System32\ucrtbase.dll
0x00007ffd92a00000 - 0x00007ffd92a30000 	C:\WINDOWS\System32\IMM32.DLL
0x000000005dae0000 - 0x000000005dbb2000 	C:\Program Files\Java\jdk1.8.0_77\jre\bin\msvcr100.dll
0x000000005d250000 - 0x000000005dae0000 	C:\Program Files\Java\jdk1.8.0_77\jre\bin\server\jvm.dll
0x00007ffd92010000 - 0x00007ffd92018000 	C:\WINDOWS\System32\PSAPI.DLL
0x00007ffd81840000 - 0x00007ffd81849000 	C:\WINDOWS\SYSTEM32\WSOCK32.dll
0x00007ffd8b490000 - 0x00007ffd8b49a000 	C:\WINDOWS\SYSTEM32\VERSION.dll
0x00007ffd93650000 - 0x00007ffd936bb000 	C:\WINDOWS\System32\WS2_32.dll
0x00007ffd8b450000 - 0x00007ffd8b477000 	C:\WINDOWS\SYSTEM32\WINMM.dll
0x000000005e2e0000 - 0x000000005e2ef000 	C:\Program Files\Java\jdk1.8.0_77\jre\bin\verify.dll
0x000000005e2b0000 - 0x000000005e2d9000 	C:\Program Files\Java\jdk1.8.0_77\jre\bin\java.dll
0x000000005e290000 - 0x000000005e2a6000 	C:\Program Files\Java\jdk1.8.0_77\jre\bin\zip.dll

VM Arguments:
jvm_args: -Dapplication.home=C:\Program Files\Java\jdk1.8.0_77 -Xms8m 
java_command: com.sun.tools.javac.Main -version
java_class_path (initial): C:\Program Files\Java\jdk1.8.0_77/lib/tools.jar;C:\Program Files\Java\jdk1.8.0_77/classes
Launcher Type: SUN_STANDARD

Environment Variables:
JAVA_HOME=C:\Program Files\Java\jdk1.8.0_77
PATH=C:\Program Files (x86)\NVIDIA Corporation\PhysX\Common;C:\Program Files\Microsoft VS Code\bin;C:\ProgramData\Oracle\Java\javapath;C:\WINDOWS\system32;C:\WINDOWS;C:\WINDOWS\System32\Wbem;C:\WINDOWS\System32\WindowsPowerShell\v1.0\;C:\Program Files (x86)\ATI Technologies\ATI.ACE\Core-Static;C:\Program Files\nodejs\;C:\Program Files\Java\jdk1.8.0_77\bin;C:\Program Files\Git\cmd;C:\Program Files\PuTTY\;C:\WINDOWS\System32\OpenSSH\;C:\Program Files\dotnet\;C:\Users\Azz\AppData\Roaming\npm;E:\Android\SDK\platform-tools;E:\Android\SDK\tools;E:\apache-ant-1.10.4\bin;C:\Users\Azz\AppData\Local\Microsoft\WindowsApps;C:\Users\Azz\AppData\Local\GitHubDesktop\bin;C:\Users\Azz\AppData\Local\Programs\Microsoft VS Code\bin;C:\Users\Azz\AppData\Local\atom\bin;%USERPROFILE%\AppData\Local\Microsoft\WindowsApps;E:\Android\SDK\tools\bin
USERNAME=Azz
OS=Windows_NT
PROCESSOR_IDENTIFIER=Intel64 Family 6 Model 58 Stepping 9, GenuineIntel



---------------  S Y S T E M  ---------------

OS: Windows 10.0 , 64 bit Build 19041 (10.0.19041.928)

CPU:total 4 (2 cores per cpu, 2 threads per core) family 6 model 58 stepping 9, cmov, cx8, fxsr, mmx, sse, sse2, sse3, ssse3, sse4.1, sse4.2, popcnt, avx, clmul, erms, ht, tsc, tscinvbit, tscinv

Memory: 4k page, physical 8339108k(725368k free), swap 22821052k(5616k free)

vm_info: Java HotSpot(TM) 64-Bit Server VM (25.77-b03) for windows-amd64 JRE (1.8.0_77-b03), built on Mar 20 2016 22:01:33 by "java_re" with MS VC++ 10.0 (VS2010)

time: Mon May 03 16:04:37 2021
elapsed time: 0 seconds (0d 0h 0m 0s)

